Using pre-set license
Built from '2020.3/staging' branch; Version is '2020.3.28f1 (f5400f52e03f) revision 16072719'; Using compiler version '192528614'; Build Type 'Release'
OS: 'Windows 10  (10.0.19042) 64bit Professional' Language: 'ko' Physical Memory: 16328 MB
BatchMode: 1, IsHumanControllingUs: 0, StartBugReporterOnCrash: 0, Is64bit: 1, IsPro: 0

COMMAND LINE ARGUMENTS:
C:\Program Files\Unity\Hub\Editor\2020.3.28f1\Editor\Unity.exe
-adb2
-batchMode
-noUpm
-name
AssetImportWorker0
-projectPath
D:/GitHub/HelloUnity/HelloUnity
-logFile
Logs/AssetImportWorker0.log
-srvPort
65234
Successfully changed project path to: D:/GitHub/HelloUnity/HelloUnity
D:/GitHub/HelloUnity/HelloUnity
Using Asset Import Pipeline V2.
Refreshing native plugins compatible for Editor in 27.35 ms, found 2 plugins.
Preloading 0 native plugins for Editor in 0.00 ms.
Initialize engine version: 2020.3.28f1 (f5400f52e03f)
[Subsystems] Discovering subsystems at path C:/Program Files/Unity/Hub/Editor/2020.3.28f1/Editor/Data/Resources/UnitySubsystems
[Subsystems] Discovering subsystems at path D:/GitHub/HelloUnity/HelloUnity/Assets
GfxDevice: creating device client; threaded=0
Direct3D:
    Version:  Direct3D 11.0 [level 11.1]
    Renderer: NVIDIA GeForce GTX 1050 Ti (ID=0x1c82)
    Vendor:   
    VRAM:     4018 MB
    Driver:   27.21.14.5751
Initialize mono
Mono path[0] = 'C:/Program Files/Unity/Hub/Editor/2020.3.28f1/Editor/Data/Managed'
Mono path[1] = 'C:/Program Files/Unity/Hub/Editor/2020.3.28f1/Editor/Data/MonoBleedingEdge/lib/mono/unityjit'
Mono config path = 'C:/Program Files/Unity/Hub/Editor/2020.3.28f1/Editor/Data/MonoBleedingEdge/etc'
Using monoOptions --debugger-agent=transport=dt_socket,embedding=1,server=y,suspend=n,address=127.0.0.1:56100
Begin MonoManager ReloadAssembly
Registering precompiled unity dll's ...
Register platform support module: C:/Program Files/Unity/Hub/Editor/2020.3.28f1/Editor/Data/PlaybackEngines/WindowsStandaloneSupport/UnityEditor.WindowsStandalone.Extensions.dll
Registered in 0.001770 seconds.
Native extension for WindowsStandalone target not found
Refreshing native plugins compatible for Editor in 27.03 ms, found 2 plugins.
Preloading 0 native plugins for Editor in 0.00 ms.
Mono: successfully reloaded assembly
- Completed reload, in  0.524 seconds
Domain Reload Profiling:
	ReloadAssembly (525ms)
		BeginReloadAssembly (57ms)
			ExecutionOrderSort (0ms)
			DisableScriptedObjects (0ms)
			BackupInstance (0ms)
			ReleaseScriptingObjects (0ms)
			CreateAndSetChildDomain (1ms)
		EndReloadAssembly (402ms)
			LoadAssemblies (55ms)
			RebuildTransferFunctionScriptingTraits (0ms)
			SetupTypeCache (137ms)
			ReleaseScriptCaches (0ms)
			RebuildScriptCaches (27ms)
			SetupLoadedEditorAssemblies (145ms)
				LogAssemblyErrors (0ms)
				InitializePlatformSupportModulesInManaged (4ms)
				SetLoadedEditorAssemblies (0ms)
				RefreshPlugins (27ms)
				BeforeProcessingInitializeOnLoad (15ms)
				ProcessInitializeOnLoadAttributes (73ms)
				ProcessInitializeOnLoadMethodAttributes (26ms)
				AfterProcessingInitializeOnLoad (0ms)
				EditorAssembliesLoaded (0ms)
			ExecutionOrderSort2 (0ms)
			AwakeInstancesAfterBackupRestoration (0ms)
Platform modules already initialized, skipping
Registering precompiled user dll's ...
Registered in 0.002351 seconds.
Begin MonoManager ReloadAssembly
Native extension for WindowsStandalone target not found
Refreshing native plugins compatible for Editor in 0.29 ms, found 2 plugins.
Preloading 0 native plugins for Editor in 0.00 ms.
Mono: successfully reloaded assembly
- Completed reload, in  0.885 seconds
Domain Reload Profiling:
	ReloadAssembly (885ms)
		BeginReloadAssembly (136ms)
			ExecutionOrderSort (0ms)
			DisableScriptedObjects (5ms)
			BackupInstance (0ms)
			ReleaseScriptingObjects (0ms)
			CreateAndSetChildDomain (17ms)
		EndReloadAssembly (695ms)
			LoadAssemblies (81ms)
			RebuildTransferFunctionScriptingTraits (0ms)
			SetupTypeCache (258ms)
			ReleaseScriptCaches (0ms)
			RebuildScriptCaches (37ms)
			SetupLoadedEditorAssemblies (246ms)
				LogAssemblyErrors (0ms)
				InitializePlatformSupportModulesInManaged (4ms)
				SetLoadedEditorAssemblies (0ms)
				RefreshPlugins (0ms)
				BeforeProcessingInitializeOnLoad (68ms)
				ProcessInitializeOnLoadAttributes (161ms)
				ProcessInitializeOnLoadMethodAttributes (7ms)
				AfterProcessingInitializeOnLoad (5ms)
				EditorAssembliesLoaded (0ms)
			ExecutionOrderSort2 (0ms)
			AwakeInstancesAfterBackupRestoration (5ms)
Platform modules already initialized, skipping
========================================================================
Worker process is ready to serve import requests
Launched and connected shader compiler UnityShaderCompiler.exe after 0.05 seconds
Refreshing native plugins compatible for Editor in 0.27 ms, found 2 plugins.
Preloading 0 native plugins for Editor in 0.00 ms.
Unloading 1502 Unused Serialized files (Serialized files now loaded: 0)
System memory in use before: 70.5 MB.
System memory in use after: 70.6 MB.

Unloading 19 unused Assets to reduce memory usage. Loaded Objects now: 1938.
Total: 2.532000 ms (FindLiveObjects: 0.114100 ms CreateObjectMapping: 0.040000 ms MarkObjects: 2.315300 ms  DeleteObjects: 0.061700 ms)

AssetImportParameters requested are different than current active one (requested -> active):
  custom:framework-win-MediaFoundation: 216162199b28c13a410421893ffa2e32 -> 
  custom:video-decoder-ogg-theora: a1e56fd34408186e4bbccfd4996cb3dc -> 
  custom:container-muxer-webm: aa71ff27fc2769a1b78a27578f13a17b -> 
  custom:container-demuxer-webm: 4f35f7cbe854078d1ac9338744f61a02 -> 
  custom:container-demuxer-ogg: 62fdf1f143b41e24485cea50d1cbac27 -> 
  custom:video-encoder-webm-vp8: eb34c28f22e8b96e1ab97ce403110664 -> 
  custom:video-decoder-webm-vp8: 9c59270c3fd7afecdb556c50c9e8de78 -> 
  custom:audio-decoder-ogg-vorbis: bf7c407c2cedff20999df2af8eb42d56 -> 
  custom:audio-encoder-webm-vorbis: bf7c407c2cedff20999df2af8eb42d56 -> 
========================================================================
Received Import Request.
  path: Assets/Tree.prefab
  artifactKey: Guid(c3130b7a0d74ccf49b5cf3657e3ae123) Importer(815301076,1909f56bfc062723c751e8b465ee728b)
Start importing Assets/Tree.prefab using Guid(c3130b7a0d74ccf49b5cf3657e3ae123) Importer(815301076,1909f56bfc062723c751e8b465ee728b)  -> (artifact id: 'b1ec25dfdfa91d37b113236f350e7c80') in 0.205077 seconds 
  Import took 0.207217 seconds .

========================================================================
Received Import Request.
  Time since last request: 0.000228 seconds.
  path: Assets/Tree_Textures
  artifactKey: Guid(d0fb2f5116e634f4e821c8f859dcd0ef) Importer(815301076,1909f56bfc062723c751e8b465ee728b)
Start importing Assets/Tree_Textures using Guid(d0fb2f5116e634f4e821c8f859dcd0ef) Importer(815301076,1909f56bfc062723c751e8b465ee728b)  -> (artifact id: '8eef1c60da3c8804100138d3292b6085') in 0.003979 seconds 
  Import took 0.005751 seconds .

========================================================================
Received Import Request.
  Time since last request: 7.803159 seconds.
  path: Assets/Scenes
  artifactKey: Guid(da69ac019acf8834983fe732c043f593) Importer(815301076,1909f56bfc062723c751e8b465ee728b)
Start importing Assets/Scenes using Guid(da69ac019acf8834983fe732c043f593) Importer(815301076,1909f56bfc062723c751e8b465ee728b)  -> (artifact id: '15a042ab6772eb6d7d0d5049cf4ab9a7') in 0.004332 seconds 
  Import took 0.006364 seconds .

========================================================================
Received Import Request.
  Time since last request: 0.771091 seconds.
  path: Assets
  artifactKey: Guid(00000000000000001000000000000000) Importer(815301076,1909f56bfc062723c751e8b465ee728b)
Start importing Assets using Guid(00000000000000001000000000000000) Importer(815301076,1909f56bfc062723c751e8b465ee728b)  -> (artifact id: '42d402b061de3733987d63b9cc3b64de') in 0.004766 seconds 
  Import took 0.006792 seconds .

========================================================================
Received Import Request.
  Time since last request: 807.497549 seconds.
  path: Assets/New Scene.unity
  artifactKey: Guid(40638a67b7454254ba16a0831d579c32) Importer(815301076,1909f56bfc062723c751e8b465ee728b)
Start importing Assets/New Scene.unity using Guid(40638a67b7454254ba16a0831d579c32) Importer(815301076,1909f56bfc062723c751e8b465ee728b)  -> (artifact id: '6ed8109e399bbb80012bb59d6240ecda') in 0.005088 seconds 
  Import took 0.007569 seconds .

========================================================================
Received Import Request.
  Time since last request: 40.830426 seconds.
  path: Assets/New TMP Color Gradient.asset
  artifactKey: Guid(906ce4d6ad3c71b4daa3de06aaa04f54) Importer(815301076,1909f56bfc062723c751e8b465ee728b)
Start importing Assets/New TMP Color Gradient.asset using Guid(906ce4d6ad3c71b4daa3de06aaa04f54) Importer(815301076,1909f56bfc062723c751e8b465ee728b)  -> (artifact id: '91c785daff07f673fb2a0763e7a0d81b') in 0.005854 seconds 
  Import took 0.008088 seconds .

========================================================================
Received Import Request.
  Time since last request: 134.961679 seconds.
  path: Assets/Scenes/New Material.mat
  artifactKey: Guid(b5cfaf085687f234899c23d5af7992c6) Importer(815301076,1909f56bfc062723c751e8b465ee728b)
Start importing Assets/Scenes/New Material.mat using Guid(b5cfaf085687f234899c23d5af7992c6) Importer(815301076,1909f56bfc062723c751e8b465ee728b)  -> (artifact id: '64ada14271af4f4b3baf7f5138f73c01') in 0.039430 seconds 
  Import took 0.041521 seconds .

========================================================================
Received Import Request.
  Time since last request: 783.148444 seconds.
  path: Assets/Text StyleSheet.asset
  artifactKey: Guid(4c004851acfb8eb49b05c906b28ec814) Importer(815301076,1909f56bfc062723c751e8b465ee728b)
Start importing Assets/Text StyleSheet.asset using Guid(4c004851acfb8eb49b05c906b28ec814) Importer(815301076,1909f56bfc062723c751e8b465ee728b)  -> (artifact id: '1c7668c139daa83283eca19b947f06c6') in 0.005425 seconds 
  Import took 0.007787 seconds .

========================================================================
Received Import Request.
  Time since last request: 179.024491 seconds.
  path: Assets/포커스영역.jpg
  artifactKey: Guid(24b13385c9ee2e242abdb33fe91975a5) Importer(815301076,1909f56bfc062723c751e8b465ee728b)
Start importing Assets/포커스영역.jpg using Guid(24b13385c9ee2e242abdb33fe91975a5) Importer(815301076,1909f56bfc062723c751e8b465ee728b)  -> (artifact id: '1173c71b7b71f7c0c1ec79c9786d573d') in 0.024933 seconds 
  Import took 0.026936 seconds .

========================================================================
Received Import Request.
  Time since last request: 213.231588 seconds.
  path: Assets/giphy.gif
  artifactKey: Guid(5e8f212688ed6e049b47c2ebad19caf1) Importer(815301076,1909f56bfc062723c751e8b465ee728b)
Start importing Assets/giphy.gif using Guid(5e8f212688ed6e049b47c2ebad19caf1) Importer(815301076,1909f56bfc062723c751e8b465ee728b)  -> (artifact id: '2f6047a018758b9e7c29152084d40aae') in 0.011442 seconds 
  Import took 0.013698 seconds .

AssetImportWorkerClient::OnTransportError - code=2 error=End of file
